<?xml version="1.0" encoding="UTF-8"?>
<testng-results skipped="0" failed="1" total="3" passed="2">
  <reporter-output>
  </reporter-output>
  <suite name="Default suite" duration-ms="5205" started-at="2016-01-06T16:45:56Z" finished-at="2016-01-06T16:46:02Z">
    <groups>
      <group name="spletter">
        <method signature="SpletterTests._01_Login()[pri:0, instance:Unirest.UnirestTest.SpletterTests@5474c6c]" name="_01_Login" class="Unirest.UnirestTest.SpletterTests"/>
        <method signature="SpletterTests._02_userCurrent()[pri:0, instance:Unirest.UnirestTest.SpletterTests@5474c6c]" name="_02_userCurrent" class="Unirest.UnirestTest.SpletterTests"/>
        <method signature="SpletterTests._03_suppliers()[pri:0, instance:Unirest.UnirestTest.SpletterTests@5474c6c]" name="_03_suppliers" class="Unirest.UnirestTest.SpletterTests"/>
      </group> <!-- spletter -->
    </groups>
    <test name="Default test" duration-ms="5205" started-at="2016-01-06T16:45:56Z" finished-at="2016-01-06T16:46:02Z">
      <class name="Unirest.UnirestTest.SpletterTests">
        <test-method status="PASS" signature="setDefault()[pri:0, instance:Unirest.UnirestTest.SpletterTests@5474c6c]" name="setDefault" is-config="true" duration-ms="369" started-at="2016-01-06T18:45:57Z" finished-at="2016-01-06T18:45:57Z">
          <reporter-output>
          </reporter-output>
        </test-method> <!-- setDefault -->
        <test-method status="PASS" signature="_01_Login()[pri:0, instance:Unirest.UnirestTest.SpletterTests@5474c6c]" name="_01_Login" duration-ms="3024" started-at="2016-01-06T18:45:57Z" finished-at="2016-01-06T18:46:00Z">
          <reporter-output>
          </reporter-output>
        </test-method> <!-- _01_Login -->
        <test-method status="PASS" signature="setDefault()[pri:0, instance:Unirest.UnirestTest.SpletterTests@5474c6c]" name="setDefault" is-config="true" duration-ms="16" started-at="2016-01-06T18:46:00Z" finished-at="2016-01-06T18:46:00Z">
          <reporter-output>
          </reporter-output>
        </test-method> <!-- setDefault -->
        <test-method status="PASS" signature="_02_userCurrent()[pri:0, instance:Unirest.UnirestTest.SpletterTests@5474c6c]" name="_02_userCurrent" duration-ms="1344" started-at="2016-01-06T18:46:00Z" finished-at="2016-01-06T18:46:01Z">
          <reporter-output>
          </reporter-output>
        </test-method> <!-- _02_userCurrent -->
        <test-method status="PASS" signature="setDefault()[pri:0, instance:Unirest.UnirestTest.SpletterTests@5474c6c]" name="setDefault" is-config="true" duration-ms="2" started-at="2016-01-06T18:46:01Z" finished-at="2016-01-06T18:46:01Z">
          <reporter-output>
          </reporter-output>
        </test-method> <!-- setDefault -->
        <test-method status="FAIL" signature="_03_suppliers()[pri:0, instance:Unirest.UnirestTest.SpletterTests@5474c6c]" name="_03_suppliers" duration-ms="425" started-at="2016-01-06T18:46:01Z" finished-at="2016-01-06T18:46:02Z">
          <exception class="java.lang.NullPointerException">
            <full-stacktrace>
              <![CDATA[java.lang.NullPointerException
	at Unirest.UnirestTest.SpletterTests._03_suppliers(SpletterTests.java:69)
	at sun.reflect.NativeMethodAccessorImpl.invoke0(Native Method)
	at sun.reflect.NativeMethodAccessorImpl.invoke(NativeMethodAccessorImpl.java:62)
	at sun.reflect.DelegatingMethodAccessorImpl.invoke(DelegatingMethodAccessorImpl.java:43)
	at java.lang.reflect.Method.invoke(Method.java:497)
	at org.testng.internal.MethodInvocationHelper.invokeMethod(MethodInvocationHelper.java:85)
	at org.testng.internal.Invoker.invokeMethod(Invoker.java:648)
	at org.testng.internal.Invoker.invokeTestMethod(Invoker.java:834)
	at org.testng.internal.Invoker.invokeTestMethods(Invoker.java:1142)
	at org.testng.internal.TestMethodWorker.invokeTestMethods(TestMethodWorker.java:124)
	at org.testng.internal.TestMethodWorker.run(TestMethodWorker.java:108)
	at org.testng.TestRunner.privateRun(TestRunner.java:771)
	at org.testng.TestRunner.run(TestRunner.java:621)
	at org.testng.SuiteRunner.runTest(SuiteRunner.java:357)
	at org.testng.SuiteRunner.runSequentially(SuiteRunner.java:352)
	at org.testng.SuiteRunner.privateRun(SuiteRunner.java:310)
	at org.testng.SuiteRunner.run(SuiteRunner.java:259)
	at org.testng.SuiteRunnerWorker.runSuite(SuiteRunnerWorker.java:52)
	at org.testng.SuiteRunnerWorker.run(SuiteRunnerWorker.java:86)
	at org.testng.TestNG.runSuitesSequentially(TestNG.java:1176)
	at org.testng.TestNG.runSuitesLocally(TestNG.java:1101)
	at org.testng.TestNG.run(TestNG.java:1009)
	at org.testng.remote.RemoteTestNG.run(RemoteTestNG.java:111)
	at org.testng.remote.RemoteTestNG.initAndRun(RemoteTestNG.java:204)
	at org.testng.remote.RemoteTestNG.main(RemoteTestNG.java:175)
]]>
            </full-stacktrace>
          </exception> <!-- java.lang.NullPointerException -->
          <reporter-output>
          </reporter-output>
        </test-method> <!-- _03_suppliers -->
      </class> <!-- Unirest.UnirestTest.SpletterTests -->
    </test> <!-- Default test -->
  </suite> <!-- Default suite -->
</testng-results>
