<?xml version="1.0" encoding="UTF-8"?>
<testng-results skipped="0" failed="1" total="1" passed="0">
  <reporter-output>
  </reporter-output>
  <suite name="Default suite" duration-ms="2421" started-at="2016-01-12T16:23:04Z" finished-at="2016-01-12T16:23:07Z">
    <groups>
    </groups>
    <test name="Default test" duration-ms="2421" started-at="2016-01-12T16:23:04Z" finished-at="2016-01-12T16:23:07Z">
      <class name="Unirest.UnirestTest.Tests">
        <test-method status="FAIL" signature="_03_Test()[pri:0, instance:Unirest.UnirestTest.Tests@326de728]" name="_03_Test" duration-ms="2373" started-at="2016-01-12T18:23:04Z" finished-at="2016-01-12T18:23:07Z">
          <exception class="com.sun.jersey.api.client.UniformInterfaceException">
            <message>
              <![CDATA[GET https://my.15five.com/mobile/login returned a response status of 405 Method Not Allowed]]>
            </message>
            <full-stacktrace>
              <![CDATA[com.sun.jersey.api.client.UniformInterfaceException: GET https://my.15five.com/mobile/login returned a response status of 405 Method Not Allowed
	at com.sun.jersey.api.client.WebResource.handle(WebResource.java:676)
	at com.sun.jersey.api.client.WebResource.access$200(WebResource.java:74)
	at com.sun.jersey.api.client.WebResource$Builder.get(WebResource.java:503)
	at Unirest.UnirestTest.Tests._03_Test(Tests.java:60)
	at sun.reflect.NativeMethodAccessorImpl.invoke0(Native Method)
	at sun.reflect.NativeMethodAccessorImpl.invoke(NativeMethodAccessorImpl.java:62)
	at sun.reflect.DelegatingMethodAccessorImpl.invoke(DelegatingMethodAccessorImpl.java:43)
	at java.lang.reflect.Method.invoke(Method.java:497)
	at org.testng.internal.MethodInvocationHelper.invokeMethod(MethodInvocationHelper.java:85)
	at org.testng.internal.Invoker.invokeMethod(Invoker.java:648)
	at org.testng.internal.Invoker.invokeTestMethod(Invoker.java:834)
	at org.testng.internal.Invoker.invokeTestMethods(Invoker.java:1142)
	at org.testng.internal.TestMethodWorker.invokeTestMethods(TestMethodWorker.java:124)
	at org.testng.internal.TestMethodWorker.run(TestMethodWorker.java:108)
	at org.testng.TestRunner.privateRun(TestRunner.java:771)
	at org.testng.TestRunner.run(TestRunner.java:621)
	at org.testng.SuiteRunner.runTest(SuiteRunner.java:357)
	at org.testng.SuiteRunner.runSequentially(SuiteRunner.java:352)
	at org.testng.SuiteRunner.privateRun(SuiteRunner.java:310)
	at org.testng.SuiteRunner.run(SuiteRunner.java:259)
	at org.testng.SuiteRunnerWorker.runSuite(SuiteRunnerWorker.java:52)
	at org.testng.SuiteRunnerWorker.run(SuiteRunnerWorker.java:86)
	at org.testng.TestNG.runSuitesSequentially(TestNG.java:1176)
	at org.testng.TestNG.runSuitesLocally(TestNG.java:1101)
	at org.testng.TestNG.run(TestNG.java:1009)
	at org.testng.remote.RemoteTestNG.run(RemoteTestNG.java:111)
	at org.testng.remote.RemoteTestNG.initAndRun(RemoteTestNG.java:204)
	at org.testng.remote.RemoteTestNG.main(RemoteTestNG.java:175)
]]>
            </full-stacktrace>
          </exception> <!-- com.sun.jersey.api.client.UniformInterfaceException -->
          <reporter-output>
          </reporter-output>
        </test-method> <!-- _03_Test -->
      </class> <!-- Unirest.UnirestTest.Tests -->
    </test> <!-- Default test -->
  </suite> <!-- Default suite -->
</testng-results>
